*** Starting uWSGI 2.0.18 (32bit) on [Wed Feb 19 16:22:43 2020] ***
compiled with version: 8.3.0 on 19 February 2020 14:57:37
os: Linux-4.19.97-v7+ #1294 SMP Thu Jan 30 13:15:58 GMT 2020
nodename: Rcontrolpi
machine: armv7l
clock source: unix
detected number of CPU cores: 4
current working directory: /home/pi/rcontrol
detected binary path: /usr/local/bin/uwsgi
!!! no internal routing support, rebuild with pcre support !!!
chdir() to /home/pi/rcontrol/app
your processes number limit is 7336
your memory page size is 4096 bytes
detected max file descriptor number: 1024
lock engine: pthread robust mutexes
thunder lock: disabled (you can enable it with --thunder-lock)
uwsgi socket 0 bound to TCP address 127.0.0.1:5590 fd 3
Python version: 2.7.16 (default, Oct 10 2019, 22:02:15)  [GCC 8.3.0]
Python main interpreter initialized at 0x208ec40
python threads support enabled
your server socket listen backlog is limited to 100 connections
your mercy for graceful operations on workers is 60 seconds
mapped 234624 bytes (229 KB) for 8 cores
*** Operational MODE: threaded ***
WSGI app 0 (mountpoint='') ready in 0 seconds on interpreter 0x208ec40 pid: 2186 (default app)
*** uWSGI is running in multiple interpreter mode ***
spawned uWSGI master process (pid: 2186)
spawned uWSGI worker 1 (pid: 2187, cores: 8)
FieldStorage(None, None, 'tsest')
TypeError: 'NoneType' object is not iterable
[pid: 2187|app: 0|req: 1/1] 192.168.1.147 () {46 vars in 734 bytes} [Wed Feb 19 16:32:47 2020] POST /api => generated 0 bytes in 26 msecs (HTTP/1.1 200) 2 headers in 76 bytes (0 switches on core 0)
SIGINT/SIGQUIT received...killing workers...
worker 1 buried after 1 seconds
goodbye to uWSGI.
*** Starting uWSGI 2.0.18 (32bit) on [Wed Feb 19 16:35:17 2020] ***
compiled with version: 8.3.0 on 19 February 2020 14:57:37
os: Linux-4.19.97-v7+ #1294 SMP Thu Jan 30 13:15:58 GMT 2020
nodename: Rcontrolpi
machine: armv7l
clock source: unix
detected number of CPU cores: 4
current working directory: /home/pi/rcontrol
detected binary path: /usr/local/bin/uwsgi
!!! no internal routing support, rebuild with pcre support !!!
chdir() to /home/pi/rcontrol/app
your processes number limit is 7336
your memory page size is 4096 bytes
detected max file descriptor number: 1024
lock engine: pthread robust mutexes
thunder lock: disabled (you can enable it with --thunder-lock)
uwsgi socket 0 bound to TCP address 127.0.0.1:5590 fd 3
Python version: 2.7.16 (default, Oct 10 2019, 22:02:15)  [GCC 8.3.0]
Python main interpreter initialized at 0x1e2ec40
python threads support enabled
your server socket listen backlog is limited to 100 connections
your mercy for graceful operations on workers is 60 seconds
mapped 234624 bytes (229 KB) for 8 cores
*** Operational MODE: threaded ***
WSGI app 0 (mountpoint='') ready in 0 seconds on interpreter 0x1e2ec40 pid: 2199 (default app)
*** uWSGI is running in multiple interpreter mode ***
spawned uWSGI master process (pid: 2199)
spawned uWSGI worker 1 (pid: 2200, cores: 8)
{'HTTP_REFERER': 'http://rcontrolpi.local/index.html', 'REQUEST_METHOD': 'POST', 'PATH_INFO': '/api', 'HTTP_ORIGIN': 'http://rcontrolpi.local', 'SERVER_PROTOCOL': 'HTTP/1.1', 'QUERY_STRING': '', 'CONTENT_LENGTH': '5', 'HTTP_USER_AGENT': 'Mozilla/5.0 (X11; Linux x86_64) AppleWebKit/537.36 (KHTML, like Gecko) Chrome/80.0.3987.106 Safari/537.36', 'HTTP_CONNECTION': 'keep-alive', 'REMOTE_PORT': '48224', 'SERVER_NAME': '_', 'REMOTE_ADDR': '192.168.1.147', 'wsgi.url_scheme': 'http', 'SERVER_PORT': '80', 'uwsgi.node': 'Rcontrolpi', 'DOCUMENT_ROOT': '/home/pi/rcontrol/html', 'CONTENT_TYPE': 'text/plain;charset=UTF-8', 'uwsgi.core': 0, 'wsgi.input': <uwsgi._Input object at 0x76899260>, 'HTTP_HOST': 'rcontrolpi.local', 'wsgi.multithread': True, 'HTTP_CONTENT_TYPE': 'text/plain;charset=UTF-8', 'REQUEST_URI': '/api', 'HTTP_ACCEPT': '*/*', 'wsgi.version': (1, 0), 'wsgi.run_once': False, 'wsgi.errors': <open file 'wsgi_errors', mode 'w' at 0x75fa11d8>, 'wsgi.multiprocess': False, 'HTTP_ACCEPT_LANGUAGE': 'en-US,en;q=0.9', 'REQUEST_SCHEME': 'http', 'uwsgi.version': '2.0.18', 'HTTP_CONTENT_LENGTH': '5', 'wsgi.file_wrapper': <built-in function uwsgi_sendfile>, 'HTTP_ACCEPT_ENCODING': 'gzip, deflate'}
TypeError: 'NoneType' object is not iterable
[pid: 2200|app: 0|req: 1/1] 192.168.1.147 () {46 vars in 734 bytes} [Wed Feb 19 16:35:27 2020] POST /api => generated 0 bytes in 2 msecs (HTTP/1.1 200) 2 headers in 76 bytes (0 switches on core 0)
SIGINT/SIGQUIT received...killing workers...
worker 1 buried after 1 seconds
goodbye to uWSGI.
*** Starting uWSGI 2.0.18 (32bit) on [Wed Feb 19 16:51:32 2020] ***
compiled with version: 8.3.0 on 19 February 2020 14:57:37
os: Linux-4.19.97-v7+ #1294 SMP Thu Jan 30 13:15:58 GMT 2020
nodename: Rcontrolpi
machine: armv7l
clock source: unix
detected number of CPU cores: 4
current working directory: /home/pi/rcontrol
detected binary path: /usr/local/bin/uwsgi
!!! no internal routing support, rebuild with pcre support !!!
chdir() to /home/pi/rcontrol/app
your processes number limit is 7336
your memory page size is 4096 bytes
detected max file descriptor number: 1024
lock engine: pthread robust mutexes
thunder lock: disabled (you can enable it with --thunder-lock)
uwsgi socket 0 bound to TCP address 127.0.0.1:5590 fd 3
Python version: 2.7.16 (default, Oct 10 2019, 22:02:15)  [GCC 8.3.0]
Python main interpreter initialized at 0x1441c40
python threads support enabled
your server socket listen backlog is limited to 100 connections
your mercy for graceful operations on workers is 60 seconds
mapped 234624 bytes (229 KB) for 8 cores
*** Operational MODE: threaded ***
WSGI app 0 (mountpoint='') ready in 0 seconds on interpreter 0x1441c40 pid: 2214 (default app)
*** uWSGI is running in multiple interpreter mode ***
spawned uWSGI master process (pid: 2214)
spawned uWSGI worker 1 (pid: 2216, cores: 8)
FieldStorage(None, None, 'tsest')
[pid: 2216|app: 0|req: 1/1] 192.168.1.147 () {46 vars in 734 bytes} [Wed Feb 19 16:51:58 2020] POST /api => generated 33 bytes in 26 msecs (HTTP/1.1 200) 2 headers in 76 bytes (1 switches on core 0)
FieldStorage(None, None, 'tsest')
[pid: 2216|app: 0|req: 2/2] 192.168.1.147 () {46 vars in 734 bytes} [Wed Feb 19 16:52:21 2020] POST /api => generated 33 bytes in 2 msecs (HTTP/1.1 200) 2 headers in 76 bytes (1 switches on core 1)
FieldStorage(None, None, 'tsest')
[pid: 2216|app: 0|req: 3/3] 192.168.1.147 () {46 vars in 734 bytes} [Wed Feb 19 16:52:54 2020] POST /api => generated 33 bytes in 2 msecs (HTTP/1.1 200) 2 headers in 76 bytes (1 switches on core 2)
FieldStorage(None, None, 'tsest')
[pid: 2216|app: 0|req: 4/4] 192.168.1.147 () {46 vars in 734 bytes} [Wed Feb 19 16:57:53 2020] POST /api => generated 33 bytes in 2 msecs (HTTP/1.1 200) 2 headers in 76 bytes (1 switches on core 3)
FieldStorage(None, None, 'tsest')
[pid: 2216|app: 0|req: 5/5] 192.168.1.147 () {46 vars in 734 bytes} [Wed Feb 19 16:58:22 2020] POST /api => generated 33 bytes in 2 msecs (HTTP/1.1 200) 2 headers in 76 bytes (1 switches on core 5)
FieldStorage(None, None, 'tsest')
[pid: 2216|app: 0|req: 6/6] 192.168.1.147 () {46 vars in 734 bytes} [Wed Feb 19 17:00:46 2020] POST /api => generated 33 bytes in 2 msecs (HTTP/1.1 200) 2 headers in 76 bytes (1 switches on core 7)
FieldStorage(None, None, 'tsest')
[pid: 2216|app: 0|req: 7/7] 192.168.1.147 () {46 vars in 734 bytes} [Wed Feb 19 17:01:01 2020] POST /api => generated 33 bytes in 2 msecs (HTTP/1.1 200) 2 headers in 76 bytes (1 switches on core 6)
FieldStorage(None, None, 'tsest')
[pid: 2216|app: 0|req: 8/8] 192.168.1.147 () {46 vars in 734 bytes} [Wed Feb 19 17:02:28 2020] POST /api => generated 33 bytes in 2 msecs (HTTP/1.1 200) 2 headers in 76 bytes (1 switches on core 4)
FieldStorage(None, None, 'tsest')
[pid: 2216|app: 0|req: 9/9] 192.168.1.147 () {46 vars in 734 bytes} [Wed Feb 19 17:03:39 2020] POST /api => generated 33 bytes in 2 msecs (HTTP/1.1 200) 2 headers in 76 bytes (1 switches on core 0)
FieldStorage(None, None, 'tsest')
[pid: 2216|app: 0|req: 10/10] 192.168.1.147 () {46 vars in 734 bytes} [Wed Feb 19 17:03:51 2020] POST /api => generated 33 bytes in 2 msecs (HTTP/1.1 200) 2 headers in 76 bytes (1 switches on core 1)
FieldStorage(None, None, 'tsest')
[pid: 2216|app: 0|req: 11/11] 192.168.1.147 () {46 vars in 734 bytes} [Wed Feb 19 17:04:01 2020] POST /api => generated 33 bytes in 2 msecs (HTTP/1.1 200) 2 headers in 76 bytes (1 switches on core 2)
FieldStorage(None, None, 'tsest')
[pid: 2216|app: 0|req: 12/12] 192.168.1.147 () {46 vars in 734 bytes} [Wed Feb 19 17:04:27 2020] POST /api => generated 33 bytes in 2 msecs (HTTP/1.1 200) 2 headers in 76 bytes (1 switches on core 3)
FieldStorage(None, None, [FieldStorage('dnum', None, '11'), FieldStorage('dfunc', None, 'undefined'), FieldStorage('mv_tm', None, '6')])
[pid: 2216|app: 0|req: 13/13] 192.168.1.147 () {46 vars in 826 bytes} [Wed Feb 19 17:16:25 2020] POST /api => generated 33 bytes in 5 msecs (HTTP/1.1 200) 2 headers in 76 bytes (1 switches on core 5)
FieldStorage(None, None, [FieldStorage('dnum', None, '11'), FieldStorage('dfunc', None, 'undefined'), FieldStorage('mv_tm', None, '5')])
[pid: 2216|app: 0|req: 14/14] 192.168.1.147 () {46 vars in 826 bytes} [Wed Feb 19 17:17:54 2020] POST /api => generated 33 bytes in 2 msecs (HTTP/1.1 200) 2 headers in 76 bytes (1 switches on core 7)
FieldStorage(None, None, [FieldStorage('dnum', None, '11'), FieldStorage('dfunc', None, 'undefined'), FieldStorage('mv_tm', None, '7')])
[pid: 2216|app: 0|req: 15/15] 192.168.1.147 () {46 vars in 826 bytes} [Wed Feb 19 17:20:59 2020] POST /api => generated 33 bytes in 2 msecs (HTTP/1.1 200) 2 headers in 76 bytes (1 switches on core 6)
SIGINT/SIGQUIT received...killing workers...
worker 1 buried after 1 seconds
goodbye to uWSGI.
*** Starting uWSGI 2.0.18 (32bit) on [Wed Feb 19 17:32:54 2020] ***
compiled with version: 8.3.0 on 19 February 2020 14:57:37
os: Linux-4.19.97-v7+ #1294 SMP Thu Jan 30 13:15:58 GMT 2020
nodename: Rcontrolpi
machine: armv7l
clock source: unix
detected number of CPU cores: 4
current working directory: /home/pi/rcontrol
detected binary path: /usr/local/bin/uwsgi
!!! no internal routing support, rebuild with pcre support !!!
chdir() to /home/pi/rcontrol/app
your processes number limit is 7336
your memory page size is 4096 bytes
detected max file descriptor number: 1024
lock engine: pthread robust mutexes
thunder lock: disabled (you can enable it with --thunder-lock)
uwsgi socket 0 bound to TCP address 127.0.0.1:5590 fd 3
Python version: 2.7.16 (default, Oct 10 2019, 22:02:15)  [GCC 8.3.0]
Python main interpreter initialized at 0x1e8cc40
python threads support enabled
your server socket listen backlog is limited to 100 connections
your mercy for graceful operations on workers is 60 seconds
mapped 234624 bytes (229 KB) for 8 cores
*** Operational MODE: threaded ***
WSGI app 0 (mountpoint='') ready in 0 seconds on interpreter 0x1e8cc40 pid: 2255 (default app)
*** uWSGI is running in multiple interpreter mode ***
spawned uWSGI master process (pid: 2255)
spawned uWSGI worker 1 (pid: 2256, cores: 8)
[pid: 2256|app: 0|req: 1/1] 192.168.1.147 () {46 vars in 826 bytes} [Wed Feb 19 17:32:59 2020] POST /api => generated 20 bytes in 5 msecs (HTTP/1.1 200) 2 headers in 76 bytes (1 switches on core 0)
[pid: 2256|app: 0|req: 2/2] 192.168.1.147 () {46 vars in 826 bytes} [Wed Feb 19 17:34:35 2020] POST /api => generated 20 bytes in 3 msecs (HTTP/1.1 200) 2 headers in 76 bytes (1 switches on core 1)
SIGINT/SIGQUIT received...killing workers...
worker 1 buried after 1 seconds
goodbye to uWSGI.
*** Starting uWSGI 2.0.18 (32bit) on [Wed Feb 19 17:35:06 2020] ***
compiled with version: 8.3.0 on 19 February 2020 14:57:37
os: Linux-4.19.97-v7+ #1294 SMP Thu Jan 30 13:15:58 GMT 2020
nodename: Rcontrolpi
machine: armv7l
clock source: unix
detected number of CPU cores: 4
current working directory: /home/pi/rcontrol
detected binary path: /usr/local/bin/uwsgi
!!! no internal routing support, rebuild with pcre support !!!
chdir() to /home/pi/rcontrol/app
your processes number limit is 7336
your memory page size is 4096 bytes
detected max file descriptor number: 1024
lock engine: pthread robust mutexes
thunder lock: disabled (you can enable it with --thunder-lock)
uwsgi socket 0 bound to TCP address 127.0.0.1:5590 fd 3
Python version: 2.7.16 (default, Oct 10 2019, 22:02:15)  [GCC 8.3.0]
Python main interpreter initialized at 0x9efc40
python threads support enabled
your server socket listen backlog is limited to 100 connections
your mercy for graceful operations on workers is 60 seconds
mapped 234624 bytes (229 KB) for 8 cores
*** Operational MODE: threaded ***
WSGI app 0 (mountpoint='') ready in 0 seconds on interpreter 0x9efc40 pid: 2267 (default app)
*** uWSGI is running in multiple interpreter mode ***
spawned uWSGI master process (pid: 2267)
spawned uWSGI worker 1 (pid: 2268, cores: 8)
global name 'move_time' is not defined
[pid: 2268|app: 0|req: 1/1] 192.168.1.147 () {46 vars in 826 bytes} [Wed Feb 19 17:35:32 2020] POST /api => generated 20 bytes in 7 msecs (HTTP/1.1 200) 2 headers in 76 bytes (1 switches on core 0)
SIGINT/SIGQUIT received...killing workers...
worker 1 buried after 1 seconds
goodbye to uWSGI.
*** Starting uWSGI 2.0.18 (32bit) on [Wed Feb 19 17:37:38 2020] ***
compiled with version: 8.3.0 on 19 February 2020 14:57:37
os: Linux-4.19.97-v7+ #1294 SMP Thu Jan 30 13:15:58 GMT 2020
nodename: Rcontrolpi
machine: armv7l
clock source: unix
detected number of CPU cores: 4
current working directory: /home/pi/rcontrol
detected binary path: /usr/local/bin/uwsgi
!!! no internal routing support, rebuild with pcre support !!!
chdir() to /home/pi/rcontrol/app
your processes number limit is 7336
your memory page size is 4096 bytes
detected max file descriptor number: 1024
lock engine: pthread robust mutexes
thunder lock: disabled (you can enable it with --thunder-lock)
uwsgi socket 0 bound to TCP address 127.0.0.1:5590 fd 3
Python version: 2.7.16 (default, Oct 10 2019, 22:02:15)  [GCC 8.3.0]
Python main interpreter initialized at 0x3cec40
python threads support enabled
your server socket listen backlog is limited to 100 connections
your mercy for graceful operations on workers is 60 seconds
mapped 234624 bytes (229 KB) for 8 cores
*** Operational MODE: threaded ***
WSGI app 0 (mountpoint='') ready in 0 seconds on interpreter 0x3cec40 pid: 2276 (default app)
*** uWSGI is running in multiple interpreter mode ***
spawned uWSGI master process (pid: 2276)
spawned uWSGI worker 1 (pid: 2277, cores: 8)
global name 'move_time' is not defined
[pid: 2277|app: 0|req: 1/1] 192.168.1.147 () {46 vars in 826 bytes} [Wed Feb 19 17:37:43 2020] POST /api => generated 40 bytes in 7 msecs (HTTP/1.1 200) 2 headers in 76 bytes (1 switches on core 0)
SIGINT/SIGQUIT received...killing workers...
worker 1 buried after 1 seconds
goodbye to uWSGI.
*** Starting uWSGI 2.0.18 (32bit) on [Wed Feb 19 17:39:27 2020] ***
compiled with version: 8.3.0 on 19 February 2020 14:57:37
os: Linux-4.19.97-v7+ #1294 SMP Thu Jan 30 13:15:58 GMT 2020
nodename: Rcontrolpi
machine: armv7l
clock source: unix
detected number of CPU cores: 4
current working directory: /home/pi/rcontrol/app
detected binary path: /usr/local/bin/uwsgi
!!! no internal routing support, rebuild with pcre support !!!
chdir() to /home/pi/rcontrol/app
your processes number limit is 7336
your memory page size is 4096 bytes
detected max file descriptor number: 1024
lock engine: pthread robust mutexes
thunder lock: disabled (you can enable it with --thunder-lock)
uwsgi socket 0 bound to TCP address 127.0.0.1:5590 fd 3
Python version: 2.7.16 (default, Oct 10 2019, 22:02:15)  [GCC 8.3.0]
Python main interpreter initialized at 0x183c38
python threads support enabled
your server socket listen backlog is limited to 100 connections
your mercy for graceful operations on workers is 60 seconds
mapped 234624 bytes (229 KB) for 8 cores
*** Operational MODE: threaded ***
WSGI app 0 (mountpoint='') ready in 0 seconds on interpreter 0x183c38 pid: 2290 (default app)
*** uWSGI is running in multiple interpreter mode ***
spawned uWSGI master process (pid: 2290)
spawned uWSGI worker 1 (pid: 2291, cores: 8)
global name 'move_time' is not defined
[pid: 2291|app: 0|req: 1/1] 192.168.1.147 () {46 vars in 826 bytes} [Wed Feb 19 17:39:38 2020] POST /api => generated 40 bytes in 6 msecs (HTTP/1.1 200) 2 headers in 76 bytes (1 switches on core 0)
SIGINT/SIGQUIT received...killing workers...
worker 1 buried after 1 seconds
goodbye to uWSGI.
*** Starting uWSGI 2.0.18 (32bit) on [Wed Feb 19 17:44:25 2020] ***
compiled with version: 8.3.0 on 19 February 2020 14:57:37
os: Linux-4.19.97-v7+ #1294 SMP Thu Jan 30 13:15:58 GMT 2020
nodename: Rcontrolpi
machine: armv7l
clock source: unix
detected number of CPU cores: 4
current working directory: /home/pi/rcontrol/app
detected binary path: /usr/local/bin/uwsgi
!!! no internal routing support, rebuild with pcre support !!!
chdir() to /home/pi/rcontrol/app
your processes number limit is 7336
your memory page size is 4096 bytes
detected max file descriptor number: 1024
lock engine: pthread robust mutexes
thunder lock: disabled (you can enable it with --thunder-lock)
uwsgi socket 0 bound to TCP address 127.0.0.1:5590 fd 3
Python version: 2.7.16 (default, Oct 10 2019, 22:02:15)  [GCC 8.3.0]
Python main interpreter initialized at 0x18bfc38
python threads support enabled
your server socket listen backlog is limited to 100 connections
your mercy for graceful operations on workers is 60 seconds
mapped 234624 bytes (229 KB) for 8 cores
*** Operational MODE: threaded ***
WSGI app 0 (mountpoint='') ready in 0 seconds on interpreter 0x18bfc38 pid: 2301 (default app)
*** uWSGI is running in multiple interpreter mode ***
spawned uWSGI master process (pid: 2301)
spawned uWSGI worker 1 (pid: 2302, cores: 8)
SIGINT/SIGQUIT received...killing workers...
worker 1 buried after 1 seconds
goodbye to uWSGI.
*** Starting uWSGI 2.0.18 (32bit) on [Wed Feb 19 17:51:41 2020] ***
compiled with version: 8.3.0 on 19 February 2020 14:57:37
os: Linux-4.19.97-v7+ #1294 SMP Thu Jan 30 13:15:58 GMT 2020
nodename: Rcontrolpi
machine: armv7l
clock source: unix
detected number of CPU cores: 4
current working directory: /
detected binary path: /usr/local/bin/uwsgi
!!! no internal routing support, rebuild with pcre support !!!
chdir() to /home/pi/rcontrol/app
your processes number limit is 7336
your memory page size is 4096 bytes
detected max file descriptor number: 1024
lock engine: pthread robust mutexes
thunder lock: disabled (you can enable it with --thunder-lock)
uwsgi socket 0 bound to TCP address 127.0.0.1:5590 fd 3
Python version: 2.7.16 (default, Oct 10 2019, 22:02:15)  [GCC 8.3.0]
Python main interpreter initialized at 0xad8448
python threads support enabled
your server socket listen backlog is limited to 100 connections
your mercy for graceful operations on workers is 60 seconds
mapped 234624 bytes (229 KB) for 8 cores
*** Operational MODE: threaded ***
WSGI app 0 (mountpoint='') ready in 0 seconds on interpreter 0xad8448 pid: 2606 (default app)
*** uWSGI is running in multiple interpreter mode ***
spawned uWSGI master process (pid: 2606)
spawned uWSGI worker 1 (pid: 2610, cores: 8)
global name 'move_time' is not defined
Traceback (most recent call last):
  File "/home/pi/rcontrol/app/app.py", line 36, in application
    response = '{"response":"error","error":"'+e+'"}'
TypeError: cannot concatenate 'str' and 'exceptions.NameError' objects
[pid: 2610|app: 0|req: 1/1] 192.168.1.147 () {46 vars in 826 bytes} [Wed Feb 19 17:52:30 2020] POST /api => generated 0 bytes in 7 msecs (HTTP/1.1 500) 0 headers in 0 bytes (0 switches on core 0)
SIGINT/SIGQUIT received...killing workers...
worker 1 buried after 1 seconds
goodbye to uWSGI.
*** Starting uWSGI 2.0.18 (32bit) on [Wed Feb 19 17:54:33 2020] ***
compiled with version: 8.3.0 on 19 February 2020 14:57:37
os: Linux-4.19.97-v7+ #1294 SMP Thu Jan 30 13:15:58 GMT 2020
nodename: Rcontrolpi
machine: armv7l
clock source: unix
detected number of CPU cores: 4
current working directory: /
detected binary path: /usr/local/bin/uwsgi
!!! no internal routing support, rebuild with pcre support !!!
chdir() to /home/pi/rcontrol/app
your processes number limit is 7336
your memory page size is 4096 bytes
detected max file descriptor number: 1024
lock engine: pthread robust mutexes
thunder lock: disabled (you can enable it with --thunder-lock)
uwsgi socket 0 bound to TCP address 127.0.0.1:5590 fd 3
Python version: 2.7.16 (default, Oct 10 2019, 22:02:15)  [GCC 8.3.0]
Python main interpreter initialized at 0xefc448
python threads support enabled
your server socket listen backlog is limited to 100 connections
your mercy for graceful operations on workers is 60 seconds
mapped 234624 bytes (229 KB) for 8 cores
*** Operational MODE: threaded ***
Traceback (most recent call last):
  File "/home/pi/rcontrol/app/app.py", line 4, in <module>
    print(move_time)
NameError: name 'move_time' is not defined
unable to load app 0 (mountpoint='') (callable not found or import error)
*** no app loaded. going in full dynamic mode ***
*** uWSGI is running in multiple interpreter mode ***
spawned uWSGI master process (pid: 2644)
spawned uWSGI worker 1 (pid: 2648, cores: 8)
SIGINT/SIGQUIT received...killing workers...
worker 1 buried after 1 seconds
goodbye to uWSGI.
*** Starting uWSGI 2.0.18 (32bit) on [Wed Feb 19 17:56:08 2020] ***
compiled with version: 8.3.0 on 19 February 2020 14:57:37
os: Linux-4.19.97-v7+ #1294 SMP Thu Jan 30 13:15:58 GMT 2020
nodename: Rcontrolpi
machine: armv7l
clock source: unix
detected number of CPU cores: 4
current working directory: /
detected binary path: /usr/local/bin/uwsgi
!!! no internal routing support, rebuild with pcre support !!!
chdir() to /home/pi/rcontrol/app
your processes number limit is 7336
your memory page size is 4096 bytes
detected max file descriptor number: 1024
lock engine: pthread robust mutexes
thunder lock: disabled (you can enable it with --thunder-lock)
uwsgi socket 0 bound to TCP address 127.0.0.1:5590 fd 3
Python version: 2.7.16 (default, Oct 10 2019, 22:02:15)  [GCC 8.3.0]
Python main interpreter initialized at 0x11d4448
python threads support enabled
your server socket listen backlog is limited to 100 connections
your mercy for graceful operations on workers is 60 seconds
mapped 234624 bytes (229 KB) for 8 cores
*** Operational MODE: threaded ***
60
WSGI app 0 (mountpoint='') ready in 0 seconds on interpreter 0x11d4448 pid: 2665 (default app)
*** uWSGI is running in multiple interpreter mode ***
spawned uWSGI master process (pid: 2665)
spawned uWSGI worker 1 (pid: 2669, cores: 8)
'11undefined'
Traceback (most recent call last):
  File "/home/pi/rcontrol/app/app.py", line 37, in application
    response = '{"response":"error","error":"'+e+'"}'
TypeError: cannot concatenate 'str' and 'exceptions.KeyError' objects
[pid: 2669|app: 0|req: 1/1] 192.168.1.147 () {46 vars in 826 bytes} [Wed Feb 19 17:56:15 2020] POST /api => generated 0 bytes in 7 msecs (HTTP/1.1 500) 0 headers in 0 bytes (0 switches on core 0)
SIGINT/SIGQUIT received...killing workers...
worker 1 buried after 1 seconds
goodbye to uWSGI.
*** Starting uWSGI 2.0.18 (32bit) on [Wed Feb 19 18:00:09 2020] ***
compiled with version: 8.3.0 on 19 February 2020 14:57:37
os: Linux-4.19.97-v7+ #1294 SMP Thu Jan 30 13:15:58 GMT 2020
nodename: Rcontrolpi
machine: armv7l
clock source: unix
detected number of CPU cores: 4
current working directory: /
detected binary path: /usr/local/bin/uwsgi
!!! no internal routing support, rebuild with pcre support !!!
chdir() to /home/pi/rcontrol/app
your processes number limit is 7336
your memory page size is 4096 bytes
detected max file descriptor number: 1024
lock engine: pthread robust mutexes
thunder lock: disabled (you can enable it with --thunder-lock)
uwsgi socket 0 bound to TCP address 127.0.0.1:5590 fd 3
Python version: 2.7.16 (default, Oct 10 2019, 22:02:15)  [GCC 8.3.0]
Python main interpreter initialized at 0x694448
python threads support enabled
your server socket listen backlog is limited to 100 connections
your mercy for graceful operations on workers is 60 seconds
mapped 234624 bytes (229 KB) for 8 cores
*** Operational MODE: threaded ***
WSGI app 0 (mountpoint='') ready in 0 seconds on interpreter 0x694448 pid: 2688 (default app)
*** uWSGI is running in multiple interpreter mode ***
spawned uWSGI master process (pid: 2688)
spawned uWSGI worker 1 (pid: 2693, cores: 8)
'11undefined'
[pid: 2693|app: 0|req: 1/1] 192.168.1.147 () {46 vars in 826 bytes} [Wed Feb 19 18:00:15 2020] POST /api => generated 40 bytes in 7 msecs (HTTP/1.1 200) 2 headers in 76 bytes (1 switches on core 0)
'11undefined'
[pid: 2693|app: 0|req: 2/2] 192.168.1.147 () {46 vars in 826 bytes} [Wed Feb 19 18:01:18 2020] POST /api => generated 40 bytes in 3 msecs (HTTP/1.1 200) 2 headers in 76 bytes (1 switches on core 1)
[pid: 2693|app: 0|req: 3/3] 192.168.1.147 () {46 vars in 826 bytes} [Wed Feb 19 18:02:33 2020] POST /api => generated 17 bytes in 5 msecs (HTTP/1.1 200) 2 headers in 76 bytes (1 switches on core 2)
[pid: 2693|app: 0|req: 4/4] 192.168.1.147 () {46 vars in 826 bytes} [Wed Feb 19 18:02:42 2020] POST /api => generated 17 bytes in 4 msecs (HTTP/1.1 200) 2 headers in 76 bytes (1 switches on core 5)
[pid: 2693|app: 0|req: 5/5] 192.168.1.147 () {46 vars in 826 bytes} [Wed Feb 19 18:03:41 2020] POST /api => generated 17 bytes in 4 msecs (HTTP/1.1 200) 2 headers in 76 bytes (1 switches on core 3)
[pid: 2693|app: 0|req: 6/6] 192.168.1.147 () {46 vars in 826 bytes} [Wed Feb 19 18:03:45 2020] POST /api => generated 17 bytes in 4 msecs (HTTP/1.1 200) 2 headers in 76 bytes (1 switches on core 4)
[pid: 2693|app: 0|req: 7/7] 192.168.1.78 () {46 vars in 812 bytes} [Wed Feb 19 18:04:35 2020] POST /api => generated 17 bytes in 4 msecs (HTTP/1.1 200) 2 headers in 76 bytes (1 switches on core 7)
[pid: 2693|app: 0|req: 8/8] 192.168.1.78 () {46 vars in 812 bytes} [Wed Feb 19 18:15:50 2020] POST /api => generated 17 bytes in 4 msecs (HTTP/1.1 200) 2 headers in 76 bytes (1 switches on core 6)
[pid: 2693|app: 0|req: 9/9] 192.168.1.78 () {46 vars in 812 bytes} [Wed Feb 19 18:18:59 2020] POST /api => generated 17 bytes in 4 msecs (HTTP/1.1 200) 2 headers in 76 bytes (1 switches on core 0)
[pid: 2693|app: 0|req: 10/10] 192.168.1.78 () {46 vars in 812 bytes} [Wed Feb 19 18:19:07 2020] POST /api => generated 17 bytes in 4 msecs (HTTP/1.1 200) 2 headers in 76 bytes (1 switches on core 1)
[pid: 2693|app: 0|req: 11/11] 192.168.1.78 () {46 vars in 812 bytes} [Wed Feb 19 18:19:14 2020] POST /api => generated 17 bytes in 4 msecs (HTTP/1.1 200) 2 headers in 76 bytes (1 switches on core 2)
[pid: 2693|app: 0|req: 12/12] 192.168.1.78 () {46 vars in 812 bytes} [Wed Feb 19 18:19:20 2020] POST /api => generated 17 bytes in 4 msecs (HTTP/1.1 200) 2 headers in 76 bytes (1 switches on core 5)
[pid: 2693|app: 0|req: 13/13] 192.168.1.78 () {46 vars in 812 bytes} [Wed Feb 19 18:19:42 2020] POST /api => generated 17 bytes in 4 msecs (HTTP/1.1 200) 2 headers in 76 bytes (1 switches on core 3)
SIGINT/SIGQUIT received...killing workers...
worker 1 buried after 1 seconds
goodbye to uWSGI.
*** Starting uWSGI 2.0.18 (32bit) on [Fri Feb 21 00:31:57 2020] ***
compiled with version: 8.3.0 on 19 February 2020 14:57:37
os: Linux-4.19.97-v7+ #1294 SMP Thu Jan 30 13:15:58 GMT 2020
nodename: Rcontrolpi
machine: armv7l
clock source: unix
detected number of CPU cores: 4
current working directory: /
detected binary path: /usr/local/bin/uwsgi
!!! no internal routing support, rebuild with pcre support !!!
chdir() to /home/pi/rcontrol/app
your processes number limit is 7336
your memory page size is 4096 bytes
detected max file descriptor number: 1024
lock engine: pthread robust mutexes
thunder lock: disabled (you can enable it with --thunder-lock)
uwsgi socket 0 bound to TCP address 127.0.0.1:5590 fd 3
Python version: 2.7.16 (default, Oct 10 2019, 22:02:15)  [GCC 8.3.0]
Python main interpreter initialized at 0x15cc448
python threads support enabled
your server socket listen backlog is limited to 100 connections
your mercy for graceful operations on workers is 60 seconds
mapped 234624 bytes (229 KB) for 8 cores
*** Operational MODE: threaded ***
WSGI app 0 (mountpoint='') ready in 0 seconds on interpreter 0x15cc448 pid: 1031 (default app)
*** uWSGI is running in multiple interpreter mode ***
spawned uWSGI master process (pid: 1031)
spawned uWSGI worker 1 (pid: 1036, cores: 8)
[pid: 1036|app: 0|req: 1/1] 192.168.1.147 () {46 vars in 816 bytes} [Fri Feb 21 00:32:47 2020] POST /api => generated 17 bytes in 6 msecs (HTTP/1.1 200) 2 headers in 76 bytes (1 switches on core 0)
SIGINT/SIGQUIT received...killing workers...
worker 1 buried after 1 seconds
goodbye to uWSGI.
*** Starting uWSGI 2.0.18 (32bit) on [Fri Feb 21 01:52:04 2020] ***
compiled with version: 8.3.0 on 19 February 2020 14:57:37
os: Linux-4.19.97-v7+ #1294 SMP Thu Jan 30 13:15:58 GMT 2020
nodename: Rcontrolpi
machine: armv7l
clock source: unix
detected number of CPU cores: 4
current working directory: /
detected binary path: /usr/local/bin/uwsgi
!!! no internal routing support, rebuild with pcre support !!!
chdir() to /home/pi/rcontrol/app
your processes number limit is 7336
your memory page size is 4096 bytes
detected max file descriptor number: 1024
lock engine: pthread robust mutexes
thunder lock: disabled (you can enable it with --thunder-lock)
uwsgi socket 0 bound to TCP address 127.0.0.1:5590 fd 3
Python version: 2.7.16 (default, Oct 10 2019, 22:02:15)  [GCC 8.3.0]
Python main interpreter initialized at 0x1d2c448
python threads support enabled
your server socket listen backlog is limited to 100 connections
your mercy for graceful operations on workers is 60 seconds
mapped 234624 bytes (229 KB) for 8 cores
*** Operational MODE: threaded ***
WSGI app 0 (mountpoint='') ready in 0 seconds on interpreter 0x1d2c448 pid: 1094 (default app)
*** uWSGI is running in multiple interpreter mode ***
spawned uWSGI master process (pid: 1094)
spawned uWSGI worker 1 (pid: 1098, cores: 8)
[pid: 1098|app: 0|req: 1/1] 192.168.1.147 () {46 vars in 816 bytes} [Fri Feb 21 01:52:23 2020] POST /api => generated 40 bytes in 7 msecs (HTTP/1.1 200) 2 headers in 76 bytes (1 switches on core 0)
[pid: 1098|app: 0|req: 2/2] 192.168.1.147 () {46 vars in 816 bytes} [Fri Feb 21 01:52:33 2020] POST /api => generated 40 bytes in 3 msecs (HTTP/1.1 200) 2 headers in 76 bytes (1 switches on core 2)
SIGINT/SIGQUIT received...killing workers...
worker 1 buried after 1 seconds
goodbye to uWSGI.
*** Starting uWSGI 2.0.18 (32bit) on [Fri Feb 21 01:54:04 2020] ***
compiled with version: 8.3.0 on 19 February 2020 14:57:37
os: Linux-4.19.97-v7+ #1294 SMP Thu Jan 30 13:15:58 GMT 2020
nodename: Rcontrolpi
machine: armv7l
clock source: unix
detected number of CPU cores: 4
current working directory: /
detected binary path: /usr/local/bin/uwsgi
!!! no internal routing support, rebuild with pcre support !!!
chdir() to /home/pi/rcontrol/app
your processes number limit is 7336
your memory page size is 4096 bytes
detected max file descriptor number: 1024
lock engine: pthread robust mutexes
thunder lock: disabled (you can enable it with --thunder-lock)
uwsgi socket 0 bound to TCP address 127.0.0.1:5590 fd 3
Python version: 2.7.16 (default, Oct 10 2019, 22:02:15)  [GCC 8.3.0]
Python main interpreter initialized at 0x17f9448
python threads support enabled
your server socket listen backlog is limited to 100 connections
your mercy for graceful operations on workers is 60 seconds
mapped 234624 bytes (229 KB) for 8 cores
*** Operational MODE: threaded ***
WSGI app 0 (mountpoint='') ready in 0 seconds on interpreter 0x17f9448 pid: 1115 (default app)
*** uWSGI is running in multiple interpreter mode ***
spawned uWSGI master process (pid: 1115)
spawned uWSGI worker 1 (pid: 1119, cores: 8)
befor auot
[pid: 1119|app: 0|req: 1/1] 192.168.1.147 () {46 vars in 816 bytes} [Fri Feb 21 01:54:09 2020] POST /api => generated 40 bytes in 7 msecs (HTTP/1.1 200) 2 headers in 76 bytes (1 switches on core 0)
SIGINT/SIGQUIT received...killing workers...
worker 1 buried after 1 seconds
goodbye to uWSGI.
*** Starting uWSGI 2.0.18 (32bit) on [Fri Feb 21 01:54:53 2020] ***
compiled with version: 8.3.0 on 19 February 2020 14:57:37
os: Linux-4.19.97-v7+ #1294 SMP Thu Jan 30 13:15:58 GMT 2020
nodename: Rcontrolpi
machine: armv7l
clock source: unix
detected number of CPU cores: 4
current working directory: /
detected binary path: /usr/local/bin/uwsgi
!!! no internal routing support, rebuild with pcre support !!!
chdir() to /home/pi/rcontrol/app
your processes number limit is 7336
your memory page size is 4096 bytes
detected max file descriptor number: 1024
lock engine: pthread robust mutexes
thunder lock: disabled (you can enable it with --thunder-lock)
uwsgi socket 0 bound to TCP address 127.0.0.1:5590 fd 3
Python version: 2.7.16 (default, Oct 10 2019, 22:02:15)  [GCC 8.3.0]
Python main interpreter initialized at 0x1b35448
python threads support enabled
your server socket listen backlog is limited to 100 connections
your mercy for graceful operations on workers is 60 seconds
mapped 234624 bytes (229 KB) for 8 cores
*** Operational MODE: threaded ***
WSGI app 0 (mountpoint='') ready in 0 seconds on interpreter 0x1b35448 pid: 1137 (default app)
*** uWSGI is running in multiple interpreter mode ***
spawned uWSGI master process (pid: 1137)
spawned uWSGI worker 1 (pid: 1141, cores: 8)
befor auot
[pid: 1141|app: 0|req: 1/1] 192.168.1.147 () {46 vars in 816 bytes} [Fri Feb 21 01:54:57 2020] POST /api => generated 40 bytes in 7 msecs (HTTP/1.1 200) 2 headers in 76 bytes (1 switches on core 0)
SIGINT/SIGQUIT received...killing workers...
worker 1 buried after 1 seconds
goodbye to uWSGI.
*** Starting uWSGI 2.0.18 (32bit) on [Fri Feb 21 01:56:40 2020] ***
compiled with version: 8.3.0 on 19 February 2020 14:57:37
os: Linux-4.19.97-v7+ #1294 SMP Thu Jan 30 13:15:58 GMT 2020
nodename: Rcontrolpi
machine: armv7l
clock source: unix
detected number of CPU cores: 4
current working directory: /
detected binary path: /usr/local/bin/uwsgi
!!! no internal routing support, rebuild with pcre support !!!
chdir() to /home/pi/rcontrol/app
your processes number limit is 7336
your memory page size is 4096 bytes
detected max file descriptor number: 1024
lock engine: pthread robust mutexes
thunder lock: disabled (you can enable it with --thunder-lock)
uwsgi socket 0 bound to TCP address 127.0.0.1:5590 fd 3
Python version: 2.7.16 (default, Oct 10 2019, 22:02:15)  [GCC 8.3.0]
Python main interpreter initialized at 0x20bc448
python threads support enabled
your server socket listen backlog is limited to 100 connections
your mercy for graceful operations on workers is 60 seconds
mapped 234624 bytes (229 KB) for 8 cores
*** Operational MODE: threaded ***
WSGI app 0 (mountpoint='') ready in 0 seconds on interpreter 0x20bc448 pid: 1159 (default app)
*** uWSGI is running in multiple interpreter mode ***
spawned uWSGI master process (pid: 1159)
spawned uWSGI worker 1 (pid: 1163, cores: 8)
befor auot
Traceback (most recent call last):
  File "/home/pi/rcontrol/app/app.py", line 83, in application
    response = func_caller(post)
  File "/home/pi/rcontrol/app/app.py", line 52, in func_caller
    set_auto_man(0)
  File "/home/pi/rcontrol/app/app.py", line 38, in set_auto_man
    data_file = json.load(f)
NameError: global name 'json' is not defined
[pid: 1163|app: 0|req: 1/1] 192.168.1.147 () {46 vars in 816 bytes} [Fri Feb 21 01:56:46 2020] POST /api => generated 0 bytes in 9 msecs (HTTP/1.1 500) 0 headers in 0 bytes (0 switches on core 0)
SIGINT/SIGQUIT received...killing workers...
worker 1 buried after 1 seconds
goodbye to uWSGI.
*** Starting uWSGI 2.0.18 (32bit) on [Fri Feb 21 01:57:43 2020] ***
compiled with version: 8.3.0 on 19 February 2020 14:57:37
os: Linux-4.19.97-v7+ #1294 SMP Thu Jan 30 13:15:58 GMT 2020
nodename: Rcontrolpi
machine: armv7l
clock source: unix
detected number of CPU cores: 4
current working directory: /
detected binary path: /usr/local/bin/uwsgi
!!! no internal routing support, rebuild with pcre support !!!
chdir() to /home/pi/rcontrol/app
your processes number limit is 7336
your memory page size is 4096 bytes
detected max file descriptor number: 1024
lock engine: pthread robust mutexes
thunder lock: disabled (you can enable it with --thunder-lock)
uwsgi socket 0 bound to TCP address 127.0.0.1:5590 fd 3
Python version: 2.7.16 (default, Oct 10 2019, 22:02:15)  [GCC 8.3.0]
Python main interpreter initialized at 0x1db3448
python threads support enabled
your server socket listen backlog is limited to 100 connections
your mercy for graceful operations on workers is 60 seconds
mapped 234624 bytes (229 KB) for 8 cores
*** Operational MODE: threaded ***
WSGI app 0 (mountpoint='') ready in 0 seconds on interpreter 0x1db3448 pid: 1179 (default app)
*** uWSGI is running in multiple interpreter mode ***
spawned uWSGI master process (pid: 1179)
spawned uWSGI worker 1 (pid: 1184, cores: 8)
befor auot
asfte
[pid: 1184|app: 0|req: 1/1] 192.168.1.147 () {46 vars in 816 bytes} [Fri Feb 21 01:57:48 2020] POST /api => generated 17 bytes in 11 msecs (HTTP/1.1 200) 2 headers in 76 bytes (1 switches on core 0)
Exception in thread Thread-8:
Traceback (most recent call last):
  File "/usr/lib/python2.7/threading.py", line 801, in __bootstrap_inner
    self.run()
  File "/usr/lib/python2.7/threading.py", line 754, in run
    self.__target(*self.__args, **self.__kwargs)
  File "/home/pi/rcontrol/app/app.py", line 13, in move
    sleep(mv_tm)
TypeError: a float is required

SIGINT/SIGQUIT received...killing workers...
worker 1 buried after 1 seconds
goodbye to uWSGI.
*** Starting uWSGI 2.0.18 (32bit) on [Fri Feb 21 02:01:37 2020] ***
compiled with version: 8.3.0 on 19 February 2020 14:57:37
os: Linux-4.19.97-v7+ #1294 SMP Thu Jan 30 13:15:58 GMT 2020
nodename: Rcontrolpi
machine: armv7l
clock source: unix
detected number of CPU cores: 4
current working directory: /
detected binary path: /usr/local/bin/uwsgi
!!! no internal routing support, rebuild with pcre support !!!
chdir() to /home/pi/rcontrol/app
your processes number limit is 7336
your memory page size is 4096 bytes
detected max file descriptor number: 1024
lock engine: pthread robust mutexes
thunder lock: disabled (you can enable it with --thunder-lock)
uwsgi socket 0 bound to TCP address 127.0.0.1:5590 fd 3
Python version: 2.7.16 (default, Oct 10 2019, 22:02:15)  [GCC 8.3.0]
Python main interpreter initialized at 0x1ede448
python threads support enabled
your server socket listen backlog is limited to 100 connections
your mercy for graceful operations on workers is 60 seconds
mapped 234624 bytes (229 KB) for 8 cores
*** Operational MODE: threaded ***
WSGI app 0 (mountpoint='') ready in 0 seconds on interpreter 0x1ede448 pid: 1203 (default app)
*** uWSGI is running in multiple interpreter mode ***
spawned uWSGI master process (pid: 1203)
spawned uWSGI worker 1 (pid: 1207, cores: 8)
befor auot
asfte
1.0
[pid: 1207|app: 0|req: 1/1] 192.168.1.147 () {46 vars in 816 bytes} [Fri Feb 21 02:01:41 2020] POST /api => generated 17 bytes in 12 msecs (HTTP/1.1 200) 2 headers in 76 bytes (1 switches on core 0)
befor auot
asfte
1.0
[pid: 1207|app: 0|req: 2/2] 192.168.1.147 () {46 vars in 816 bytes} [Fri Feb 21 02:01:57 2020] POST /api => generated 17 bytes in 6 msecs (HTTP/1.1 200) 2 headers in 76 bytes (1 switches on core 2)
befor auot
asfte
1.0
[pid: 1207|app: 0|req: 3/3] 192.168.1.147 () {46 vars in 816 bytes} [Fri Feb 21 02:02:06 2020] POST /api => generated 17 bytes in 6 msecs (HTTP/1.1 200) 2 headers in 76 bytes (1 switches on core 1)
befor auot
asfte
1.0
[pid: 1207|app: 0|req: 4/4] 192.168.1.147 () {46 vars in 816 bytes} [Fri Feb 21 02:02:12 2020] POST /api => generated 17 bytes in 10 msecs (HTTP/1.1 200) 2 headers in 76 bytes (1 switches on core 4)
befor auot
asfte
1.0
Traceback (most recent call last):
  File "/home/pi/rcontrol/app/app.py", line 85, in application
    response = func_caller(post)
  File "/home/pi/rcontrol/app/app.py", line 59, in func_caller
    open_door(dnum,mv_tm)
  File "/home/pi/rcontrol/app/app.py", line 8, in open_door
    op_relay = door_dict[dnum+"open"]
KeyError: '12open'
[pid: 1207|app: 0|req: 5/5] 192.168.1.147 () {46 vars in 816 bytes} [Fri Feb 21 02:02:19 2020] POST /api => generated 0 bytes in 5 msecs (HTTP/1.1 500) 0 headers in 0 bytes (0 switches on core 3)
befor auot
asfte
[pid: 1207|app: 0|req: 6/6] 192.168.1.147 () {46 vars in 816 bytes} [Fri Feb 21 02:02:26 2020] POST /api => generated 17 bytes in 6 msecs (HTTP/1.1 200) 2 headers in 76 bytes (1 switches on core 6)
befor auot
asfte
[pid: 1207|app: 0|req: 7/7] 192.168.1.147 () {46 vars in 816 bytes} [Fri Feb 21 02:02:32 2020] POST /api => generated 17 bytes in 10 msecs (HTTP/1.1 200) 2 headers in 76 bytes (1 switches on core 7)
befor auot
asfte
[pid: 1207|app: 0|req: 8/8] 192.168.1.147 () {46 vars in 816 bytes} [Fri Feb 21 02:02:43 2020] POST /api => generated 17 bytes in 6 msecs (HTTP/1.1 200) 2 headers in 76 bytes (1 switches on core 5)
befor auot
asfte
8.0
[pid: 1207|app: 0|req: 9/9] 192.168.1.147 () {46 vars in 816 bytes} [Fri Feb 21 02:02:45 2020] POST /api => generated 17 bytes in 6 msecs (HTTP/1.1 200) 2 headers in 76 bytes (1 switches on core 0)
befor auot
asfte
[pid: 1207|app: 0|req: 10/10] 192.168.1.147 () {46 vars in 816 bytes} [Fri Feb 21 02:02:54 2020] POST /api => generated 17 bytes in 6 msecs (HTTP/1.1 200) 2 headers in 76 bytes (1 switches on core 2)
befor auot
asfte
8.0
[pid: 1207|app: 0|req: 11/11] 192.168.1.147 () {46 vars in 816 bytes} [Fri Feb 21 02:02:56 2020] POST /api => generated 17 bytes in 6 msecs (HTTP/1.1 200) 2 headers in 76 bytes (1 switches on core 1)
[pid: 1207|app: 0|req: 12/12] 192.168.1.147 () {46 vars in 816 bytes} [Fri Feb 21 02:30:40 2020] POST /api => generated 17 bytes in 3 msecs (HTTP/1.1 200) 2 headers in 76 bytes (1 switches on core 4)
[pid: 1207|app: 0|req: 13/13] 192.168.1.147 () {46 vars in 816 bytes} [Fri Feb 21 02:32:19 2020] POST /api => generated 17 bytes in 3 msecs (HTTP/1.1 200) 2 headers in 76 bytes (1 switches on core 3)
[pid: 1207|app: 0|req: 14/14] 192.168.1.147 () {46 vars in 816 bytes} [Fri Feb 21 02:32:28 2020] POST /api => generated 17 bytes in 3 msecs (HTTP/1.1 200) 2 headers in 76 bytes (1 switches on core 6)
[pid: 1207|app: 0|req: 15/15] 192.168.1.147 () {46 vars in 816 bytes} [Fri Feb 21 02:33:05 2020] POST /api => generated 17 bytes in 3 msecs (HTTP/1.1 200) 2 headers in 76 bytes (1 switches on core 7)
[pid: 1207|app: 0|req: 16/16] 192.168.1.147 () {46 vars in 816 bytes} [Fri Feb 21 02:33:53 2020] POST /api => generated 17 bytes in 3 msecs (HTTP/1.1 200) 2 headers in 76 bytes (1 switches on core 5)
